<?xml version="1.0" encoding="UTF-8"?>
<testsuite xmlns:xsi="http://www.w3.org/2001/XMLSchema-instance" xsi:noNamespaceSchemaLocation="https://maven.apache.org/surefire/maven-surefire-plugin/xsd/surefire-test-report.xsd" name="com.automation.AutomationApplicationTests" time="0.828" tests="0" errors="0" skipped="0" failures="0">
  <properties>
    <property name="sun.desktop" value="windows"/>
    <property name="awt.toolkit" value="sun.awt.windows.WToolkit"/>
    <property name="file.encoding.pkg" value="sun.io"/>
    <property name="java.specification.version" value="1.8"/>
    <property name="sun.cpu.isalist" value="amd64"/>
    <property name="sun.jnu.encoding" value="GBK"/>
    <property name="java.class.path" value="D:\test\NEW_web_Interface_automation\target\test-classes;D:\test\NEW_web_Interface_automation\target\classes;D:\Maven\path\org\springframework\boot\spring-boot-starter-web\2.2.6.RELEASE\spring-boot-starter-web-2.2.6.RELEASE.jar;D:\Maven\path\org\springframework\boot\spring-boot-starter\2.2.6.RELEASE\spring-boot-starter-2.2.6.RELEASE.jar;D:\Maven\path\org\springframework\boot\spring-boot-starter-logging\2.2.6.RELEASE\spring-boot-starter-logging-2.2.6.RELEASE.jar;D:\Maven\path\ch\qos\logback\logback-classic\1.2.3\logback-classic-1.2.3.jar;D:\Maven\path\ch\qos\logback\logback-core\1.2.3\logback-core-1.2.3.jar;D:\Maven\path\org\apache\logging\log4j\log4j-to-slf4j\2.12.1\log4j-to-slf4j-2.12.1.jar;D:\Maven\path\org\apache\logging\log4j\log4j-api\2.12.1\log4j-api-2.12.1.jar;D:\Maven\path\org\slf4j\jul-to-slf4j\1.7.30\jul-to-slf4j-1.7.30.jar;D:\Maven\path\jakarta\annotation\jakarta.annotation-api\1.3.5\jakarta.annotation-api-1.3.5.jar;D:\Maven\path\org\yaml\snakeyaml\1.25\snakeyaml-1.25.jar;D:\Maven\path\org\springframework\boot\spring-boot-starter-json\2.2.6.RELEASE\spring-boot-starter-json-2.2.6.RELEASE.jar;D:\Maven\path\com\fasterxml\jackson\core\jackson-databind\2.10.3\jackson-databind-2.10.3.jar;D:\Maven\path\com\fasterxml\jackson\core\jackson-annotations\2.10.3\jackson-annotations-2.10.3.jar;D:\Maven\path\com\fasterxml\jackson\core\jackson-core\2.10.3\jackson-core-2.10.3.jar;D:\Maven\path\com\fasterxml\jackson\datatype\jackson-datatype-jdk8\2.10.3\jackson-datatype-jdk8-2.10.3.jar;D:\Maven\path\com\fasterxml\jackson\datatype\jackson-datatype-jsr310\2.10.3\jackson-datatype-jsr310-2.10.3.jar;D:\Maven\path\com\fasterxml\jackson\module\jackson-module-parameter-names\2.10.3\jackson-module-parameter-names-2.10.3.jar;D:\Maven\path\org\springframework\boot\spring-boot-starter-tomcat\2.2.6.RELEASE\spring-boot-starter-tomcat-2.2.6.RELEASE.jar;D:\Maven\path\org\apache\tomcat\embed\tomcat-embed-core\9.0.33\tomcat-embed-core-9.0.33.jar;D:\Maven\path\org\apache\tomcat\embed\tomcat-embed-el\9.0.33\tomcat-embed-el-9.0.33.jar;D:\Maven\path\org\apache\tomcat\embed\tomcat-embed-websocket\9.0.33\tomcat-embed-websocket-9.0.33.jar;D:\Maven\path\org\springframework\boot\spring-boot-starter-validation\2.2.6.RELEASE\spring-boot-starter-validation-2.2.6.RELEASE.jar;D:\Maven\path\jakarta\validation\jakarta.validation-api\2.0.2\jakarta.validation-api-2.0.2.jar;D:\Maven\path\org\hibernate\validator\hibernate-validator\6.0.18.Final\hibernate-validator-6.0.18.Final.jar;D:\Maven\path\org\jboss\logging\jboss-logging\3.4.1.Final\jboss-logging-3.4.1.Final.jar;D:\Maven\path\com\fasterxml\classmate\1.5.1\classmate-1.5.1.jar;D:\Maven\path\org\springframework\spring-web\5.2.5.RELEASE\spring-web-5.2.5.RELEASE.jar;D:\Maven\path\org\springframework\spring-beans\5.2.5.RELEASE\spring-beans-5.2.5.RELEASE.jar;D:\Maven\path\org\springframework\spring-webmvc\5.2.5.RELEASE\spring-webmvc-5.2.5.RELEASE.jar;D:\Maven\path\org\springframework\spring-aop\5.2.5.RELEASE\spring-aop-5.2.5.RELEASE.jar;D:\Maven\path\org\springframework\spring-context\5.2.5.RELEASE\spring-context-5.2.5.RELEASE.jar;D:\Maven\path\org\springframework\spring-expression\5.2.5.RELEASE\spring-expression-5.2.5.RELEASE.jar;D:\Maven\path\org\springframework\boot\spring-boot-devtools\2.2.6.RELEASE\spring-boot-devtools-2.2.6.RELEASE.jar;D:\Maven\path\org\springframework\boot\spring-boot\2.2.6.RELEASE\spring-boot-2.2.6.RELEASE.jar;D:\Maven\path\org\springframework\boot\spring-boot-autoconfigure\2.2.6.RELEASE\spring-boot-autoconfigure-2.2.6.RELEASE.jar;D:\Maven\path\mysql\mysql-connector-java\8.0.19\mysql-connector-java-8.0.19.jar;D:\Maven\path\org\projectlombok\lombok\1.18.4\lombok-1.18.4.jar;D:\Maven\path\org\springframework\boot\spring-boot-starter-test\2.2.6.RELEASE\spring-boot-starter-test-2.2.6.RELEASE.jar;D:\Maven\path\org\springframework\boot\spring-boot-test\2.2.6.RELEASE\spring-boot-test-2.2.6.RELEASE.jar;D:\Maven\path\org\springframework\boot\spring-boot-test-autoconfigure\2.2.6.RELEASE\spring-boot-test-autoconfigure-2.2.6.RELEASE.jar;D:\Maven\path\jakarta\xml\bind\jakarta.xml.bind-api\2.3.3\jakarta.xml.bind-api-2.3.3.jar;D:\Maven\path\jakarta\activation\jakarta.activation-api\1.2.2\jakarta.activation-api-1.2.2.jar;D:\Maven\path\org\junit\jupiter\junit-jupiter\5.5.2\junit-jupiter-5.5.2.jar;D:\Maven\path\org\junit\jupiter\junit-jupiter-api\5.5.2\junit-jupiter-api-5.5.2.jar;D:\Maven\path\org\apiguardian\apiguardian-api\1.1.0\apiguardian-api-1.1.0.jar;D:\Maven\path\org\opentest4j\opentest4j\1.2.0\opentest4j-1.2.0.jar;D:\Maven\path\org\junit\platform\junit-platform-commons\1.5.2\junit-platform-commons-1.5.2.jar;D:\Maven\path\org\junit\jupiter\junit-jupiter-params\5.5.2\junit-jupiter-params-5.5.2.jar;D:\Maven\path\org\junit\jupiter\junit-jupiter-engine\5.5.2\junit-jupiter-engine-5.5.2.jar;D:\Maven\path\org\junit\platform\junit-platform-engine\1.5.2\junit-platform-engine-1.5.2.jar;D:\Maven\path\org\mockito\mockito-junit-jupiter\3.1.0\mockito-junit-jupiter-3.1.0.jar;D:\Maven\path\org\assertj\assertj-core\3.13.2\assertj-core-3.13.2.jar;D:\Maven\path\org\hamcrest\hamcrest\2.1\hamcrest-2.1.jar;D:\Maven\path\org\mockito\mockito-core\3.1.0\mockito-core-3.1.0.jar;D:\Maven\path\net\bytebuddy\byte-buddy\1.10.8\byte-buddy-1.10.8.jar;D:\Maven\path\net\bytebuddy\byte-buddy-agent\1.10.8\byte-buddy-agent-1.10.8.jar;D:\Maven\path\org\objenesis\objenesis\2.6\objenesis-2.6.jar;D:\Maven\path\org\skyscreamer\jsonassert\1.5.0\jsonassert-1.5.0.jar;D:\Maven\path\com\vaadin\external\google\android-json\0.0.20131108.vaadin1\android-json-0.0.20131108.vaadin1.jar;D:\Maven\path\org\springframework\spring-core\5.2.5.RELEASE\spring-core-5.2.5.RELEASE.jar;D:\Maven\path\org\springframework\spring-jcl\5.2.5.RELEASE\spring-jcl-5.2.5.RELEASE.jar;D:\Maven\path\org\springframework\spring-test\5.2.5.RELEASE\spring-test-5.2.5.RELEASE.jar;D:\Maven\path\org\xmlunit\xmlunit-core\2.6.4\xmlunit-core-2.6.4.jar;D:\Maven\path\com\baomidou\mybatis-plus-boot-starter\3.2.0\mybatis-plus-boot-starter-3.2.0.jar;D:\Maven\path\com\baomidou\mybatis-plus\3.2.0\mybatis-plus-3.2.0.jar;D:\Maven\path\org\springframework\boot\spring-boot-starter-jdbc\2.2.6.RELEASE\spring-boot-starter-jdbc-2.2.6.RELEASE.jar;D:\Maven\path\com\zaxxer\HikariCP\3.4.2\HikariCP-3.4.2.jar;D:\Maven\path\org\springframework\spring-jdbc\5.2.5.RELEASE\spring-jdbc-5.2.5.RELEASE.jar;D:\Maven\path\org\springframework\spring-tx\5.2.5.RELEASE\spring-tx-5.2.5.RELEASE.jar;D:\Maven\path\org\springframework\boot\spring-boot-starter-freemarker\2.2.6.RELEASE\spring-boot-starter-freemarker-2.2.6.RELEASE.jar;D:\Maven\path\org\freemarker\freemarker\2.3.30\freemarker-2.3.30.jar;D:\Maven\path\org\springframework\spring-context-support\5.2.5.RELEASE\spring-context-support-5.2.5.RELEASE.jar;D:\Maven\path\com\baomidou\mybatis-plus-generator\3.2.0\mybatis-plus-generator-3.2.0.jar;D:\Maven\path\com\baomidou\mybatis-plus-extension\3.2.0\mybatis-plus-extension-3.2.0.jar;D:\Maven\path\com\baomidou\mybatis-plus-core\3.2.0\mybatis-plus-core-3.2.0.jar;D:\Maven\path\com\baomidou\mybatis-plus-annotation\3.2.0\mybatis-plus-annotation-3.2.0.jar;D:\Maven\path\com\github\jsqlparser\jsqlparser\2.1\jsqlparser-2.1.jar;D:\Maven\path\org\mybatis\mybatis\3.5.2\mybatis-3.5.2.jar;D:\Maven\path\org\mybatis\mybatis-spring\2.0.2\mybatis-spring-2.0.2.jar;D:\Maven\path\net\sf\json-lib\json-lib\0.9\json-lib-0.9.jar;D:\Maven\path\commons-beanutils\commons-beanutils\1.7.0\commons-beanutils-1.7.0.jar;D:\Maven\path\commons-lang\commons-lang\2.2\commons-lang-2.2.jar;D:\Maven\path\commons-logging\commons-logging\1.1\commons-logging-1.1.jar;D:\Maven\path\log4j\log4j\1.2.12\log4j-1.2.12.jar;D:\Maven\path\logkit\logkit\1.0.1\logkit-1.0.1.jar;D:\Maven\path\avalon-framework\avalon-framework\4.1.3\avalon-framework-4.1.3.jar;D:\Maven\path\javax\servlet\servlet-api\2.3\servlet-api-2.3.jar;D:\Maven\path\xom\xom\1.1\xom-1.1.jar;D:\Maven\path\xerces\xmlParserAPIs\2.6.2\xmlParserAPIs-2.6.2.jar;D:\Maven\path\xerces\xercesImpl\2.6.2\xercesImpl-2.6.2.jar;D:\Maven\path\xalan\xalan\2.7.0\xalan-2.7.0.jar;D:\Maven\path\xml-apis\xml-apis\1.0.b2\xml-apis-1.0.b2.jar;D:\Maven\path\jaxen\jaxen\1.2.0\jaxen-1.2.0.jar;D:\Maven\path\net\sf\ezmorph\ezmorph\0.8.1\ezmorph-0.8.1.jar;D:\Maven\path\junit\junit\4.12\junit-4.12.jar;D:\Maven\path\org\hamcrest\hamcrest-core\2.1\hamcrest-core-2.1.jar;D:\Maven\path\org\springframework\boot\spring-boot-starter-thymeleaf\2.2.6.RELEASE\spring-boot-starter-thymeleaf-2.2.6.RELEASE.jar;D:\Maven\path\org\thymeleaf\thymeleaf-spring5\3.0.11.RELEASE\thymeleaf-spring5-3.0.11.RELEASE.jar;D:\Maven\path\org\thymeleaf\thymeleaf\3.0.11.RELEASE\thymeleaf-3.0.11.RELEASE.jar;D:\Maven\path\org\attoparser\attoparser\2.0.5.RELEASE\attoparser-2.0.5.RELEASE.jar;D:\Maven\path\org\unbescape\unbescape\1.1.6.RELEASE\unbescape-1.1.6.RELEASE.jar;D:\Maven\path\org\thymeleaf\extras\thymeleaf-extras-java8time\3.0.4.RELEASE\thymeleaf-extras-java8time-3.0.4.RELEASE.jar;D:\Maven\path\org\apache\poi\poi\3.17\poi-3.17.jar;D:\Maven\path\commons-codec\commons-codec\1.13\commons-codec-1.13.jar;D:\Maven\path\org\apache\commons\commons-collections4\4.1\commons-collections4-4.1.jar;D:\Maven\path\org\apache\poi\poi-ooxml\3.17\poi-ooxml-3.17.jar;D:\Maven\path\org\apache\poi\poi-ooxml-schemas\3.17\poi-ooxml-schemas-3.17.jar;D:\Maven\path\org\apache\xmlbeans\xmlbeans\2.6.0\xmlbeans-2.6.0.jar;D:\Maven\path\stax\stax-api\1.0.1\stax-api-1.0.1.jar;D:\Maven\path\com\github\virtuald\curvesapi\1.04\curvesapi-1.04.jar;D:\Maven\path\org\apache\httpcomponents\httpclient\4.5.2\httpclient-4.5.2.jar;D:\Maven\path\org\apache\httpcomponents\httpcore\4.4.4\httpcore-4.4.4.jar;D:\Maven\path\org\apache\httpcomponents\httpmime\4.5.2\httpmime-4.5.2.jar;D:\Maven\path\cn\hutool\hutool-all\4.4.0\hutool-all-4.4.0.jar;D:\Maven\path\org\testng\testng\6.14.3\testng-6.14.3.jar;D:\Maven\path\com\beust\jcommander\1.72\jcommander-1.72.jar;D:\Maven\path\org\apache-extras\beanshell\bsh\2.0b6\bsh-2.0b6.jar;D:\Maven\path\com\google\code\gson\gson\2.8.6\gson-2.8.6.jar;D:\Maven\path\com\jayway\jsonpath\json-path\2.2.0\json-path-2.2.0.jar;D:\Maven\path\net\minidev\json-smart\2.2.1\json-smart-2.2.1.jar;D:\Maven\path\net\minidev\accessors-smart\1.1\accessors-smart-1.1.jar;D:\Maven\path\org\ow2\asm\asm\5.0.3\asm-5.0.3.jar;D:\Maven\path\org\slf4j\slf4j-api\1.7.30\slf4j-api-1.7.30.jar;D:\Maven\path\com\relevantcodes\extentreports\2.41.1\extentreports-2.41.1.jar;D:\Maven\path\org\jsoup\jsoup\1.8.3\jsoup-1.8.3.jar;D:\Maven\path\org\xerial\sqlite-jdbc\3.28.0\sqlite-jdbc-3.28.0.jar;D:\Maven\path\org\mongodb\mongodb-driver\3.11.2\mongodb-driver-3.11.2.jar;D:\Maven\path\org\mongodb\bson\3.11.2\bson-3.11.2.jar;D:\Maven\path\org\mongodb\mongodb-driver-core\3.11.2\mongodb-driver-core-3.11.2.jar;D:\Maven\path\com\vimalselvam\testng-extentsreport\1.3.1\testng-extentsreport-1.3.1.jar;D:\Maven\path\com\google\guava\guava\20.0\guava-20.0.jar;D:\Maven\path\com\aventstack\extentreports\3.0.6\extentreports-3.0.6.jar;"/>
    <property name="java.vm.vendor" value="Oracle Corporation"/>
    <property name="sun.arch.data.model" value="64"/>
    <property name="user.variant" value=""/>
    <property name="java.vendor.url" value="http://java.oracle.com/"/>
    <property name="user.timezone" value="Asia/Shanghai"/>
    <property name="java.vm.specification.version" value="1.8"/>
    <property name="os.name" value="Windows 7"/>
    <property name="user.country" value="CN"/>
    <property name="sun.java.launcher" value="SUN_STANDARD"/>
    <property name="sun.boot.library.path" value="D:\java\jdk1.8.0_11\jre\bin"/>
    <property name="sun.java.command" value="C:\Users\ADMINI~1\AppData\Local\Temp\surefire2992959160047747473\surefirebooter3772557328387461438.jar C:\Users\Administrator\AppData\Local\Temp\surefire2992959160047747473 2021-01-10T17-10-43_052-jvmRun1 surefire6333032953236961191tmp surefire_05481743996330718758tmp"/>
    <property name="surefire.test.class.path" value="D:\test\NEW_web_Interface_automation\target\test-classes;D:\test\NEW_web_Interface_automation\target\classes;D:\Maven\path\org\springframework\boot\spring-boot-starter-web\2.2.6.RELEASE\spring-boot-starter-web-2.2.6.RELEASE.jar;D:\Maven\path\org\springframework\boot\spring-boot-starter\2.2.6.RELEASE\spring-boot-starter-2.2.6.RELEASE.jar;D:\Maven\path\org\springframework\boot\spring-boot-starter-logging\2.2.6.RELEASE\spring-boot-starter-logging-2.2.6.RELEASE.jar;D:\Maven\path\ch\qos\logback\logback-classic\1.2.3\logback-classic-1.2.3.jar;D:\Maven\path\ch\qos\logback\logback-core\1.2.3\logback-core-1.2.3.jar;D:\Maven\path\org\apache\logging\log4j\log4j-to-slf4j\2.12.1\log4j-to-slf4j-2.12.1.jar;D:\Maven\path\org\apache\logging\log4j\log4j-api\2.12.1\log4j-api-2.12.1.jar;D:\Maven\path\org\slf4j\jul-to-slf4j\1.7.30\jul-to-slf4j-1.7.30.jar;D:\Maven\path\jakarta\annotation\jakarta.annotation-api\1.3.5\jakarta.annotation-api-1.3.5.jar;D:\Maven\path\org\yaml\snakeyaml\1.25\snakeyaml-1.25.jar;D:\Maven\path\org\springframework\boot\spring-boot-starter-json\2.2.6.RELEASE\spring-boot-starter-json-2.2.6.RELEASE.jar;D:\Maven\path\com\fasterxml\jackson\core\jackson-databind\2.10.3\jackson-databind-2.10.3.jar;D:\Maven\path\com\fasterxml\jackson\core\jackson-annotations\2.10.3\jackson-annotations-2.10.3.jar;D:\Maven\path\com\fasterxml\jackson\core\jackson-core\2.10.3\jackson-core-2.10.3.jar;D:\Maven\path\com\fasterxml\jackson\datatype\jackson-datatype-jdk8\2.10.3\jackson-datatype-jdk8-2.10.3.jar;D:\Maven\path\com\fasterxml\jackson\datatype\jackson-datatype-jsr310\2.10.3\jackson-datatype-jsr310-2.10.3.jar;D:\Maven\path\com\fasterxml\jackson\module\jackson-module-parameter-names\2.10.3\jackson-module-parameter-names-2.10.3.jar;D:\Maven\path\org\springframework\boot\spring-boot-starter-tomcat\2.2.6.RELEASE\spring-boot-starter-tomcat-2.2.6.RELEASE.jar;D:\Maven\path\org\apache\tomcat\embed\tomcat-embed-core\9.0.33\tomcat-embed-core-9.0.33.jar;D:\Maven\path\org\apache\tomcat\embed\tomcat-embed-el\9.0.33\tomcat-embed-el-9.0.33.jar;D:\Maven\path\org\apache\tomcat\embed\tomcat-embed-websocket\9.0.33\tomcat-embed-websocket-9.0.33.jar;D:\Maven\path\org\springframework\boot\spring-boot-starter-validation\2.2.6.RELEASE\spring-boot-starter-validation-2.2.6.RELEASE.jar;D:\Maven\path\jakarta\validation\jakarta.validation-api\2.0.2\jakarta.validation-api-2.0.2.jar;D:\Maven\path\org\hibernate\validator\hibernate-validator\6.0.18.Final\hibernate-validator-6.0.18.Final.jar;D:\Maven\path\org\jboss\logging\jboss-logging\3.4.1.Final\jboss-logging-3.4.1.Final.jar;D:\Maven\path\com\fasterxml\classmate\1.5.1\classmate-1.5.1.jar;D:\Maven\path\org\springframework\spring-web\5.2.5.RELEASE\spring-web-5.2.5.RELEASE.jar;D:\Maven\path\org\springframework\spring-beans\5.2.5.RELEASE\spring-beans-5.2.5.RELEASE.jar;D:\Maven\path\org\springframework\spring-webmvc\5.2.5.RELEASE\spring-webmvc-5.2.5.RELEASE.jar;D:\Maven\path\org\springframework\spring-aop\5.2.5.RELEASE\spring-aop-5.2.5.RELEASE.jar;D:\Maven\path\org\springframework\spring-context\5.2.5.RELEASE\spring-context-5.2.5.RELEASE.jar;D:\Maven\path\org\springframework\spring-expression\5.2.5.RELEASE\spring-expression-5.2.5.RELEASE.jar;D:\Maven\path\org\springframework\boot\spring-boot-devtools\2.2.6.RELEASE\spring-boot-devtools-2.2.6.RELEASE.jar;D:\Maven\path\org\springframework\boot\spring-boot\2.2.6.RELEASE\spring-boot-2.2.6.RELEASE.jar;D:\Maven\path\org\springframework\boot\spring-boot-autoconfigure\2.2.6.RELEASE\spring-boot-autoconfigure-2.2.6.RELEASE.jar;D:\Maven\path\mysql\mysql-connector-java\8.0.19\mysql-connector-java-8.0.19.jar;D:\Maven\path\org\projectlombok\lombok\1.18.4\lombok-1.18.4.jar;D:\Maven\path\org\springframework\boot\spring-boot-starter-test\2.2.6.RELEASE\spring-boot-starter-test-2.2.6.RELEASE.jar;D:\Maven\path\org\springframework\boot\spring-boot-test\2.2.6.RELEASE\spring-boot-test-2.2.6.RELEASE.jar;D:\Maven\path\org\springframework\boot\spring-boot-test-autoconfigure\2.2.6.RELEASE\spring-boot-test-autoconfigure-2.2.6.RELEASE.jar;D:\Maven\path\jakarta\xml\bind\jakarta.xml.bind-api\2.3.3\jakarta.xml.bind-api-2.3.3.jar;D:\Maven\path\jakarta\activation\jakarta.activation-api\1.2.2\jakarta.activation-api-1.2.2.jar;D:\Maven\path\org\junit\jupiter\junit-jupiter\5.5.2\junit-jupiter-5.5.2.jar;D:\Maven\path\org\junit\jupiter\junit-jupiter-api\5.5.2\junit-jupiter-api-5.5.2.jar;D:\Maven\path\org\apiguardian\apiguardian-api\1.1.0\apiguardian-api-1.1.0.jar;D:\Maven\path\org\opentest4j\opentest4j\1.2.0\opentest4j-1.2.0.jar;D:\Maven\path\org\junit\platform\junit-platform-commons\1.5.2\junit-platform-commons-1.5.2.jar;D:\Maven\path\org\junit\jupiter\junit-jupiter-params\5.5.2\junit-jupiter-params-5.5.2.jar;D:\Maven\path\org\junit\jupiter\junit-jupiter-engine\5.5.2\junit-jupiter-engine-5.5.2.jar;D:\Maven\path\org\junit\platform\junit-platform-engine\1.5.2\junit-platform-engine-1.5.2.jar;D:\Maven\path\org\mockito\mockito-junit-jupiter\3.1.0\mockito-junit-jupiter-3.1.0.jar;D:\Maven\path\org\assertj\assertj-core\3.13.2\assertj-core-3.13.2.jar;D:\Maven\path\org\hamcrest\hamcrest\2.1\hamcrest-2.1.jar;D:\Maven\path\org\mockito\mockito-core\3.1.0\mockito-core-3.1.0.jar;D:\Maven\path\net\bytebuddy\byte-buddy\1.10.8\byte-buddy-1.10.8.jar;D:\Maven\path\net\bytebuddy\byte-buddy-agent\1.10.8\byte-buddy-agent-1.10.8.jar;D:\Maven\path\org\objenesis\objenesis\2.6\objenesis-2.6.jar;D:\Maven\path\org\skyscreamer\jsonassert\1.5.0\jsonassert-1.5.0.jar;D:\Maven\path\com\vaadin\external\google\android-json\0.0.20131108.vaadin1\android-json-0.0.20131108.vaadin1.jar;D:\Maven\path\org\springframework\spring-core\5.2.5.RELEASE\spring-core-5.2.5.RELEASE.jar;D:\Maven\path\org\springframework\spring-jcl\5.2.5.RELEASE\spring-jcl-5.2.5.RELEASE.jar;D:\Maven\path\org\springframework\spring-test\5.2.5.RELEASE\spring-test-5.2.5.RELEASE.jar;D:\Maven\path\org\xmlunit\xmlunit-core\2.6.4\xmlunit-core-2.6.4.jar;D:\Maven\path\com\baomidou\mybatis-plus-boot-starter\3.2.0\mybatis-plus-boot-starter-3.2.0.jar;D:\Maven\path\com\baomidou\mybatis-plus\3.2.0\mybatis-plus-3.2.0.jar;D:\Maven\path\org\springframework\boot\spring-boot-starter-jdbc\2.2.6.RELEASE\spring-boot-starter-jdbc-2.2.6.RELEASE.jar;D:\Maven\path\com\zaxxer\HikariCP\3.4.2\HikariCP-3.4.2.jar;D:\Maven\path\org\springframework\spring-jdbc\5.2.5.RELEASE\spring-jdbc-5.2.5.RELEASE.jar;D:\Maven\path\org\springframework\spring-tx\5.2.5.RELEASE\spring-tx-5.2.5.RELEASE.jar;D:\Maven\path\org\springframework\boot\spring-boot-starter-freemarker\2.2.6.RELEASE\spring-boot-starter-freemarker-2.2.6.RELEASE.jar;D:\Maven\path\org\freemarker\freemarker\2.3.30\freemarker-2.3.30.jar;D:\Maven\path\org\springframework\spring-context-support\5.2.5.RELEASE\spring-context-support-5.2.5.RELEASE.jar;D:\Maven\path\com\baomidou\mybatis-plus-generator\3.2.0\mybatis-plus-generator-3.2.0.jar;D:\Maven\path\com\baomidou\mybatis-plus-extension\3.2.0\mybatis-plus-extension-3.2.0.jar;D:\Maven\path\com\baomidou\mybatis-plus-core\3.2.0\mybatis-plus-core-3.2.0.jar;D:\Maven\path\com\baomidou\mybatis-plus-annotation\3.2.0\mybatis-plus-annotation-3.2.0.jar;D:\Maven\path\com\github\jsqlparser\jsqlparser\2.1\jsqlparser-2.1.jar;D:\Maven\path\org\mybatis\mybatis\3.5.2\mybatis-3.5.2.jar;D:\Maven\path\org\mybatis\mybatis-spring\2.0.2\mybatis-spring-2.0.2.jar;D:\Maven\path\net\sf\json-lib\json-lib\0.9\json-lib-0.9.jar;D:\Maven\path\commons-beanutils\commons-beanutils\1.7.0\commons-beanutils-1.7.0.jar;D:\Maven\path\commons-lang\commons-lang\2.2\commons-lang-2.2.jar;D:\Maven\path\commons-logging\commons-logging\1.1\commons-logging-1.1.jar;D:\Maven\path\log4j\log4j\1.2.12\log4j-1.2.12.jar;D:\Maven\path\logkit\logkit\1.0.1\logkit-1.0.1.jar;D:\Maven\path\avalon-framework\avalon-framework\4.1.3\avalon-framework-4.1.3.jar;D:\Maven\path\javax\servlet\servlet-api\2.3\servlet-api-2.3.jar;D:\Maven\path\xom\xom\1.1\xom-1.1.jar;D:\Maven\path\xerces\xmlParserAPIs\2.6.2\xmlParserAPIs-2.6.2.jar;D:\Maven\path\xerces\xercesImpl\2.6.2\xercesImpl-2.6.2.jar;D:\Maven\path\xalan\xalan\2.7.0\xalan-2.7.0.jar;D:\Maven\path\xml-apis\xml-apis\1.0.b2\xml-apis-1.0.b2.jar;D:\Maven\path\jaxen\jaxen\1.2.0\jaxen-1.2.0.jar;D:\Maven\path\net\sf\ezmorph\ezmorph\0.8.1\ezmorph-0.8.1.jar;D:\Maven\path\junit\junit\4.12\junit-4.12.jar;D:\Maven\path\org\hamcrest\hamcrest-core\2.1\hamcrest-core-2.1.jar;D:\Maven\path\org\springframework\boot\spring-boot-starter-thymeleaf\2.2.6.RELEASE\spring-boot-starter-thymeleaf-2.2.6.RELEASE.jar;D:\Maven\path\org\thymeleaf\thymeleaf-spring5\3.0.11.RELEASE\thymeleaf-spring5-3.0.11.RELEASE.jar;D:\Maven\path\org\thymeleaf\thymeleaf\3.0.11.RELEASE\thymeleaf-3.0.11.RELEASE.jar;D:\Maven\path\org\attoparser\attoparser\2.0.5.RELEASE\attoparser-2.0.5.RELEASE.jar;D:\Maven\path\org\unbescape\unbescape\1.1.6.RELEASE\unbescape-1.1.6.RELEASE.jar;D:\Maven\path\org\thymeleaf\extras\thymeleaf-extras-java8time\3.0.4.RELEASE\thymeleaf-extras-java8time-3.0.4.RELEASE.jar;D:\Maven\path\org\apache\poi\poi\3.17\poi-3.17.jar;D:\Maven\path\commons-codec\commons-codec\1.13\commons-codec-1.13.jar;D:\Maven\path\org\apache\commons\commons-collections4\4.1\commons-collections4-4.1.jar;D:\Maven\path\org\apache\poi\poi-ooxml\3.17\poi-ooxml-3.17.jar;D:\Maven\path\org\apache\poi\poi-ooxml-schemas\3.17\poi-ooxml-schemas-3.17.jar;D:\Maven\path\org\apache\xmlbeans\xmlbeans\2.6.0\xmlbeans-2.6.0.jar;D:\Maven\path\stax\stax-api\1.0.1\stax-api-1.0.1.jar;D:\Maven\path\com\github\virtuald\curvesapi\1.04\curvesapi-1.04.jar;D:\Maven\path\org\apache\httpcomponents\httpclient\4.5.2\httpclient-4.5.2.jar;D:\Maven\path\org\apache\httpcomponents\httpcore\4.4.4\httpcore-4.4.4.jar;D:\Maven\path\org\apache\httpcomponents\httpmime\4.5.2\httpmime-4.5.2.jar;D:\Maven\path\cn\hutool\hutool-all\4.4.0\hutool-all-4.4.0.jar;D:\Maven\path\org\testng\testng\6.14.3\testng-6.14.3.jar;D:\Maven\path\com\beust\jcommander\1.72\jcommander-1.72.jar;D:\Maven\path\org\apache-extras\beanshell\bsh\2.0b6\bsh-2.0b6.jar;D:\Maven\path\com\google\code\gson\gson\2.8.6\gson-2.8.6.jar;D:\Maven\path\com\jayway\jsonpath\json-path\2.2.0\json-path-2.2.0.jar;D:\Maven\path\net\minidev\json-smart\2.2.1\json-smart-2.2.1.jar;D:\Maven\path\net\minidev\accessors-smart\1.1\accessors-smart-1.1.jar;D:\Maven\path\org\ow2\asm\asm\5.0.3\asm-5.0.3.jar;D:\Maven\path\org\slf4j\slf4j-api\1.7.30\slf4j-api-1.7.30.jar;D:\Maven\path\com\relevantcodes\extentreports\2.41.1\extentreports-2.41.1.jar;D:\Maven\path\org\jsoup\jsoup\1.8.3\jsoup-1.8.3.jar;D:\Maven\path\org\xerial\sqlite-jdbc\3.28.0\sqlite-jdbc-3.28.0.jar;D:\Maven\path\org\mongodb\mongodb-driver\3.11.2\mongodb-driver-3.11.2.jar;D:\Maven\path\org\mongodb\bson\3.11.2\bson-3.11.2.jar;D:\Maven\path\org\mongodb\mongodb-driver-core\3.11.2\mongodb-driver-core-3.11.2.jar;D:\Maven\path\com\vimalselvam\testng-extentsreport\1.3.1\testng-extentsreport-1.3.1.jar;D:\Maven\path\com\google\guava\guava\20.0\guava-20.0.jar;D:\Maven\path\com\aventstack\extentreports\3.0.6\extentreports-3.0.6.jar;"/>
    <property name="sun.cpu.endian" value="little"/>
    <property name="user.home" value="C:\Users\Administrator"/>
    <property name="user.language" value="zh"/>
    <property name="java.specification.vendor" value="Oracle Corporation"/>
    <property name="java.home" value="D:\java\jdk1.8.0_11\jre"/>
    <property name="basedir" value="D:\test\NEW_web_Interface_automation"/>
    <property name="file.separator" value="\"/>
    <property name="line.separator" value="&#10;"/>
    <property name="java.vm.specification.vendor" value="Oracle Corporation"/>
    <property name="java.specification.name" value="Java Platform API Specification"/>
    <property name="java.awt.graphicsenv" value="sun.awt.Win32GraphicsEnvironment"/>
    <property name="surefire.real.class.path" value="C:\Users\ADMINI~1\AppData\Local\Temp\surefire2992959160047747473\surefirebooter3772557328387461438.jar"/>
    <property name="sun.boot.class.path" value="D:\java\jdk1.8.0_11\jre\lib\resources.jar;D:\java\jdk1.8.0_11\jre\lib\rt.jar;D:\java\jdk1.8.0_11\jre\lib\sunrsasign.jar;D:\java\jdk1.8.0_11\jre\lib\jsse.jar;D:\java\jdk1.8.0_11\jre\lib\jce.jar;D:\java\jdk1.8.0_11\jre\lib\charsets.jar;D:\java\jdk1.8.0_11\jre\lib\jfr.jar;D:\java\jdk1.8.0_11\jre\classes"/>
    <property name="user.script" value=""/>
    <property name="sun.management.compiler" value="HotSpot 64-Bit Tiered Compilers"/>
    <property name="java.runtime.version" value="1.8.0_11-b12"/>
    <property name="user.name" value="Administrator"/>
    <property name="path.separator" value=";"/>
    <property name="os.version" value="6.1"/>
    <property name="java.endorsed.dirs" value="D:\java\jdk1.8.0_11\jre\lib\endorsed"/>
    <property name="java.runtime.name" value="Java(TM) SE Runtime Environment"/>
    <property name="file.encoding" value="GBK"/>
    <property name="java.vm.name" value="Java HotSpot(TM) 64-Bit Server VM"/>
    <property name="idea.version2020.1" value="true"/>
    <property name="localRepository" value="D:\Maven\path"/>
    <property name="java.vendor.url.bug" value="http://bugreport.sun.com/bugreport/"/>
    <property name="java.io.tmpdir" value="C:\Users\ADMINI~1\AppData\Local\Temp\"/>
    <property name="java.version" value="1.8.0_11"/>
    <property name="user.dir" value="D:\test\NEW_web_Interface_automation"/>
    <property name="os.arch" value="amd64"/>
    <property name="java.vm.specification.name" value="Java Virtual Machine Specification"/>
    <property name="java.awt.printerjob" value="sun.awt.windows.WPrinterJob"/>
    <property name="sun.os.patch.level" value="Service Pack 1"/>
    <property name="java.library.path" value="D:\java\jdk1.8.0_11\jre\bin;C:\Windows\Sun\Java\bin;C:\Windows\system32;C:\Windows;C:\Windows\system32;C:\Windows;C:\Windows\System32\Wbem;C:\Windows\System32\WindowsPowerShell\v1.0\;C:\Program Files (x86)\NVIDIA Corporation\PhysX\Common;C:\Program Files\dotnet\;D:\java\jdk1.8.0_11\bin;D:\java\jdk1.8.0_11\jre\bin;D:\数据库\Program Files\MySQL\MySQL Server 5.5\bin;C:\Program Files\MySQL\MySQL Server 5.5\bin;D:\Mysql\Program Files\MySQL\MySQL Server 5.5\bin;D:\Maven\apache-maven-3.6.2\bin;C:\strawberry\c\bin;C:\strawberry\perl\bin;D:\Program Files\nodejs;D:\sdk\android-sdk-windows\build-tools\25.0.3;D:\sdk\android-sdk-windows\platform-tools;D:\sdk\android-sdk-windows\tools;C:\Users\Administrator\AppData\Local\Programs\Python\Python37\Scripts\;C:\Users\Administrator\AppData\Local\Programs\Python\Python37\;D:\fiddler;D:\pycharm\PyCharm 2020.1.1\bin;;C:\Users\Administrator\AppData\Roaming\npm;."/>
    <property name="java.vm.info" value="mixed mode"/>
    <property name="java.vendor" value="Oracle Corporation"/>
    <property name="java.vm.version" value="25.11-b03"/>
    <property name="java.ext.dirs" value="D:\java\jdk1.8.0_11\jre\lib\ext;C:\Windows\Sun\Java\lib\ext"/>
    <property name="sun.io.unicode.encoding" value="UnicodeLittle"/>
    <property name="java.class.version" value="52.0"/>
  </properties>
</testsuite>