<?xml version="1.0" encoding="UTF-8"?>
<testsuite xmlns:xsi="http://www.w3.org/2001/XMLSchema-instance" xsi:noNamespaceSchemaLocation="https://maven.apache.org/surefire/maven-surefire-plugin/xsd/surefire-test-report.xsd" name="com.automation.AutomationApplicationTests" time="0.607" tests="0" errors="0" skipped="0" failures="0">
  <properties>
    <property name="sun.desktop" value="windows"/>
    <property name="awt.toolkit" value="sun.awt.windows.WToolkit"/>
    <property name="file.encoding.pkg" value="sun.io"/>
    <property name="java.specification.version" value="1.8"/>
    <property name="sun.cpu.isalist" value="amd64"/>
    <property name="sun.jnu.encoding" value="GBK"/>
    <property name="java.class.path" value="D:\my_web_interface\NEW_web_Interface_automation\target\test-classes;D:\my_web_interface\NEW_web_Interface_automation\target\classes;D:\apache-maven-3.6.2\warehouse\org\springframework\boot\spring-boot-starter-web\2.2.6.RELEASE\spring-boot-starter-web-2.2.6.RELEASE.jar;D:\apache-maven-3.6.2\warehouse\org\springframework\boot\spring-boot-starter\2.2.6.RELEASE\spring-boot-starter-2.2.6.RELEASE.jar;D:\apache-maven-3.6.2\warehouse\org\springframework\boot\spring-boot-starter-logging\2.2.6.RELEASE\spring-boot-starter-logging-2.2.6.RELEASE.jar;D:\apache-maven-3.6.2\warehouse\ch\qos\logback\logback-classic\1.2.3\logback-classic-1.2.3.jar;D:\apache-maven-3.6.2\warehouse\ch\qos\logback\logback-core\1.2.3\logback-core-1.2.3.jar;D:\apache-maven-3.6.2\warehouse\org\apache\logging\log4j\log4j-to-slf4j\2.12.1\log4j-to-slf4j-2.12.1.jar;D:\apache-maven-3.6.2\warehouse\org\apache\logging\log4j\log4j-api\2.12.1\log4j-api-2.12.1.jar;D:\apache-maven-3.6.2\warehouse\org\slf4j\jul-to-slf4j\1.7.30\jul-to-slf4j-1.7.30.jar;D:\apache-maven-3.6.2\warehouse\jakarta\annotation\jakarta.annotation-api\1.3.5\jakarta.annotation-api-1.3.5.jar;D:\apache-maven-3.6.2\warehouse\org\yaml\snakeyaml\1.25\snakeyaml-1.25.jar;D:\apache-maven-3.6.2\warehouse\org\springframework\boot\spring-boot-starter-json\2.2.6.RELEASE\spring-boot-starter-json-2.2.6.RELEASE.jar;D:\apache-maven-3.6.2\warehouse\com\fasterxml\jackson\core\jackson-databind\2.10.3\jackson-databind-2.10.3.jar;D:\apache-maven-3.6.2\warehouse\com\fasterxml\jackson\core\jackson-annotations\2.10.3\jackson-annotations-2.10.3.jar;D:\apache-maven-3.6.2\warehouse\com\fasterxml\jackson\core\jackson-core\2.10.3\jackson-core-2.10.3.jar;D:\apache-maven-3.6.2\warehouse\com\fasterxml\jackson\datatype\jackson-datatype-jdk8\2.10.3\jackson-datatype-jdk8-2.10.3.jar;D:\apache-maven-3.6.2\warehouse\com\fasterxml\jackson\datatype\jackson-datatype-jsr310\2.10.3\jackson-datatype-jsr310-2.10.3.jar;D:\apache-maven-3.6.2\warehouse\com\fasterxml\jackson\module\jackson-module-parameter-names\2.10.3\jackson-module-parameter-names-2.10.3.jar;D:\apache-maven-3.6.2\warehouse\org\springframework\boot\spring-boot-starter-tomcat\2.2.6.RELEASE\spring-boot-starter-tomcat-2.2.6.RELEASE.jar;D:\apache-maven-3.6.2\warehouse\org\apache\tomcat\embed\tomcat-embed-core\9.0.33\tomcat-embed-core-9.0.33.jar;D:\apache-maven-3.6.2\warehouse\org\apache\tomcat\embed\tomcat-embed-el\9.0.33\tomcat-embed-el-9.0.33.jar;D:\apache-maven-3.6.2\warehouse\org\apache\tomcat\embed\tomcat-embed-websocket\9.0.33\tomcat-embed-websocket-9.0.33.jar;D:\apache-maven-3.6.2\warehouse\org\springframework\boot\spring-boot-starter-validation\2.2.6.RELEASE\spring-boot-starter-validation-2.2.6.RELEASE.jar;D:\apache-maven-3.6.2\warehouse\jakarta\validation\jakarta.validation-api\2.0.2\jakarta.validation-api-2.0.2.jar;D:\apache-maven-3.6.2\warehouse\org\hibernate\validator\hibernate-validator\6.0.18.Final\hibernate-validator-6.0.18.Final.jar;D:\apache-maven-3.6.2\warehouse\org\jboss\logging\jboss-logging\3.4.1.Final\jboss-logging-3.4.1.Final.jar;D:\apache-maven-3.6.2\warehouse\com\fasterxml\classmate\1.5.1\classmate-1.5.1.jar;D:\apache-maven-3.6.2\warehouse\org\springframework\spring-web\5.2.5.RELEASE\spring-web-5.2.5.RELEASE.jar;D:\apache-maven-3.6.2\warehouse\org\springframework\spring-beans\5.2.5.RELEASE\spring-beans-5.2.5.RELEASE.jar;D:\apache-maven-3.6.2\warehouse\org\springframework\spring-webmvc\5.2.5.RELEASE\spring-webmvc-5.2.5.RELEASE.jar;D:\apache-maven-3.6.2\warehouse\org\springframework\spring-aop\5.2.5.RELEASE\spring-aop-5.2.5.RELEASE.jar;D:\apache-maven-3.6.2\warehouse\org\springframework\spring-context\5.2.5.RELEASE\spring-context-5.2.5.RELEASE.jar;D:\apache-maven-3.6.2\warehouse\org\springframework\spring-expression\5.2.5.RELEASE\spring-expression-5.2.5.RELEASE.jar;D:\apache-maven-3.6.2\warehouse\org\springframework\boot\spring-boot-devtools\2.2.6.RELEASE\spring-boot-devtools-2.2.6.RELEASE.jar;D:\apache-maven-3.6.2\warehouse\org\springframework\boot\spring-boot\2.2.6.RELEASE\spring-boot-2.2.6.RELEASE.jar;D:\apache-maven-3.6.2\warehouse\org\springframework\boot\spring-boot-autoconfigure\2.2.6.RELEASE\spring-boot-autoconfigure-2.2.6.RELEASE.jar;D:\apache-maven-3.6.2\warehouse\mysql\mysql-connector-java\8.0.19\mysql-connector-java-8.0.19.jar;D:\apache-maven-3.6.2\warehouse\org\projectlombok\lombok\1.18.4\lombok-1.18.4.jar;D:\apache-maven-3.6.2\warehouse\org\springframework\boot\spring-boot-starter-test\2.2.6.RELEASE\spring-boot-starter-test-2.2.6.RELEASE.jar;D:\apache-maven-3.6.2\warehouse\org\springframework\boot\spring-boot-test\2.2.6.RELEASE\spring-boot-test-2.2.6.RELEASE.jar;D:\apache-maven-3.6.2\warehouse\org\springframework\boot\spring-boot-test-autoconfigure\2.2.6.RELEASE\spring-boot-test-autoconfigure-2.2.6.RELEASE.jar;D:\apache-maven-3.6.2\warehouse\com\jayway\jsonpath\json-path\2.4.0\json-path-2.4.0.jar;D:\apache-maven-3.6.2\warehouse\net\minidev\json-smart\2.3\json-smart-2.3.jar;D:\apache-maven-3.6.2\warehouse\net\minidev\accessors-smart\1.2\accessors-smart-1.2.jar;D:\apache-maven-3.6.2\warehouse\org\ow2\asm\asm\5.0.4\asm-5.0.4.jar;D:\apache-maven-3.6.2\warehouse\org\slf4j\slf4j-api\1.7.30\slf4j-api-1.7.30.jar;D:\apache-maven-3.6.2\warehouse\jakarta\xml\bind\jakarta.xml.bind-api\2.3.3\jakarta.xml.bind-api-2.3.3.jar;D:\apache-maven-3.6.2\warehouse\jakarta\activation\jakarta.activation-api\1.2.2\jakarta.activation-api-1.2.2.jar;D:\apache-maven-3.6.2\warehouse\org\junit\jupiter\junit-jupiter\5.5.2\junit-jupiter-5.5.2.jar;D:\apache-maven-3.6.2\warehouse\org\junit\jupiter\junit-jupiter-api\5.5.2\junit-jupiter-api-5.5.2.jar;D:\apache-maven-3.6.2\warehouse\org\apiguardian\apiguardian-api\1.1.0\apiguardian-api-1.1.0.jar;D:\apache-maven-3.6.2\warehouse\org\opentest4j\opentest4j\1.2.0\opentest4j-1.2.0.jar;D:\apache-maven-3.6.2\warehouse\org\junit\platform\junit-platform-commons\1.5.2\junit-platform-commons-1.5.2.jar;D:\apache-maven-3.6.2\warehouse\org\junit\jupiter\junit-jupiter-params\5.5.2\junit-jupiter-params-5.5.2.jar;D:\apache-maven-3.6.2\warehouse\org\junit\jupiter\junit-jupiter-engine\5.5.2\junit-jupiter-engine-5.5.2.jar;D:\apache-maven-3.6.2\warehouse\org\junit\platform\junit-platform-engine\1.5.2\junit-platform-engine-1.5.2.jar;D:\apache-maven-3.6.2\warehouse\org\mockito\mockito-junit-jupiter\3.1.0\mockito-junit-jupiter-3.1.0.jar;D:\apache-maven-3.6.2\warehouse\org\assertj\assertj-core\3.13.2\assertj-core-3.13.2.jar;D:\apache-maven-3.6.2\warehouse\org\hamcrest\hamcrest\2.1\hamcrest-2.1.jar;D:\apache-maven-3.6.2\warehouse\org\mockito\mockito-core\3.1.0\mockito-core-3.1.0.jar;D:\apache-maven-3.6.2\warehouse\net\bytebuddy\byte-buddy\1.10.8\byte-buddy-1.10.8.jar;D:\apache-maven-3.6.2\warehouse\net\bytebuddy\byte-buddy-agent\1.10.8\byte-buddy-agent-1.10.8.jar;D:\apache-maven-3.6.2\warehouse\org\objenesis\objenesis\2.6\objenesis-2.6.jar;D:\apache-maven-3.6.2\warehouse\org\skyscreamer\jsonassert\1.5.0\jsonassert-1.5.0.jar;D:\apache-maven-3.6.2\warehouse\com\vaadin\external\google\android-json\0.0.20131108.vaadin1\android-json-0.0.20131108.vaadin1.jar;D:\apache-maven-3.6.2\warehouse\org\springframework\spring-core\5.2.5.RELEASE\spring-core-5.2.5.RELEASE.jar;D:\apache-maven-3.6.2\warehouse\org\springframework\spring-jcl\5.2.5.RELEASE\spring-jcl-5.2.5.RELEASE.jar;D:\apache-maven-3.6.2\warehouse\org\springframework\spring-test\5.2.5.RELEASE\spring-test-5.2.5.RELEASE.jar;D:\apache-maven-3.6.2\warehouse\org\xmlunit\xmlunit-core\2.6.4\xmlunit-core-2.6.4.jar;D:\apache-maven-3.6.2\warehouse\com\baomidou\mybatis-plus-boot-starter\3.2.0\mybatis-plus-boot-starter-3.2.0.jar;D:\apache-maven-3.6.2\warehouse\com\baomidou\mybatis-plus\3.2.0\mybatis-plus-3.2.0.jar;D:\apache-maven-3.6.2\warehouse\org\springframework\boot\spring-boot-starter-jdbc\2.2.6.RELEASE\spring-boot-starter-jdbc-2.2.6.RELEASE.jar;D:\apache-maven-3.6.2\warehouse\com\zaxxer\HikariCP\3.4.2\HikariCP-3.4.2.jar;D:\apache-maven-3.6.2\warehouse\org\springframework\spring-jdbc\5.2.5.RELEASE\spring-jdbc-5.2.5.RELEASE.jar;D:\apache-maven-3.6.2\warehouse\org\springframework\spring-tx\5.2.5.RELEASE\spring-tx-5.2.5.RELEASE.jar;D:\apache-maven-3.6.2\warehouse\org\springframework\boot\spring-boot-starter-freemarker\2.2.6.RELEASE\spring-boot-starter-freemarker-2.2.6.RELEASE.jar;D:\apache-maven-3.6.2\warehouse\org\freemarker\freemarker\2.3.30\freemarker-2.3.30.jar;D:\apache-maven-3.6.2\warehouse\org\springframework\spring-context-support\5.2.5.RELEASE\spring-context-support-5.2.5.RELEASE.jar;D:\apache-maven-3.6.2\warehouse\com\baomidou\mybatis-plus-generator\3.2.0\mybatis-plus-generator-3.2.0.jar;D:\apache-maven-3.6.2\warehouse\com\baomidou\mybatis-plus-extension\3.2.0\mybatis-plus-extension-3.2.0.jar;D:\apache-maven-3.6.2\warehouse\com\baomidou\mybatis-plus-core\3.2.0\mybatis-plus-core-3.2.0.jar;D:\apache-maven-3.6.2\warehouse\com\baomidou\mybatis-plus-annotation\3.2.0\mybatis-plus-annotation-3.2.0.jar;D:\apache-maven-3.6.2\warehouse\com\github\jsqlparser\jsqlparser\2.1\jsqlparser-2.1.jar;D:\apache-maven-3.6.2\warehouse\org\mybatis\mybatis\3.5.2\mybatis-3.5.2.jar;D:\apache-maven-3.6.2\warehouse\org\mybatis\mybatis-spring\2.0.2\mybatis-spring-2.0.2.jar;D:\apache-maven-3.6.2\warehouse\net\sf\json-lib\json-lib\0.9\json-lib-0.9.jar;D:\apache-maven-3.6.2\warehouse\commons-beanutils\commons-beanutils\1.7.0\commons-beanutils-1.7.0.jar;D:\apache-maven-3.6.2\warehouse\commons-lang\commons-lang\2.2\commons-lang-2.2.jar;D:\apache-maven-3.6.2\warehouse\commons-logging\commons-logging\1.1\commons-logging-1.1.jar;D:\apache-maven-3.6.2\warehouse\log4j\log4j\1.2.12\log4j-1.2.12.jar;D:\apache-maven-3.6.2\warehouse\logkit\logkit\1.0.1\logkit-1.0.1.jar;D:\apache-maven-3.6.2\warehouse\avalon-framework\avalon-framework\4.1.3\avalon-framework-4.1.3.jar;D:\apache-maven-3.6.2\warehouse\javax\servlet\servlet-api\2.3\servlet-api-2.3.jar;D:\apache-maven-3.6.2\warehouse\xom\xom\1.1\xom-1.1.jar;D:\apache-maven-3.6.2\warehouse\xerces\xmlParserAPIs\2.6.2\xmlParserAPIs-2.6.2.jar;D:\apache-maven-3.6.2\warehouse\xerces\xercesImpl\2.6.2\xercesImpl-2.6.2.jar;D:\apache-maven-3.6.2\warehouse\xalan\xalan\2.7.0\xalan-2.7.0.jar;D:\apache-maven-3.6.2\warehouse\xml-apis\xml-apis\1.0.b2\xml-apis-1.0.b2.jar;D:\apache-maven-3.6.2\warehouse\jaxen\jaxen\1.2.0\jaxen-1.2.0.jar;D:\apache-maven-3.6.2\warehouse\net\sf\ezmorph\ezmorph\0.8.1\ezmorph-0.8.1.jar;D:\apache-maven-3.6.2\warehouse\junit\junit\4.12\junit-4.12.jar;D:\apache-maven-3.6.2\warehouse\org\hamcrest\hamcrest-core\2.1\hamcrest-core-2.1.jar;D:\apache-maven-3.6.2\warehouse\org\springframework\boot\spring-boot-starter-thymeleaf\2.2.6.RELEASE\spring-boot-starter-thymeleaf-2.2.6.RELEASE.jar;D:\apache-maven-3.6.2\warehouse\org\thymeleaf\thymeleaf-spring5\3.0.11.RELEASE\thymeleaf-spring5-3.0.11.RELEASE.jar;D:\apache-maven-3.6.2\warehouse\org\thymeleaf\thymeleaf\3.0.11.RELEASE\thymeleaf-3.0.11.RELEASE.jar;D:\apache-maven-3.6.2\warehouse\org\attoparser\attoparser\2.0.5.RELEASE\attoparser-2.0.5.RELEASE.jar;D:\apache-maven-3.6.2\warehouse\org\unbescape\unbescape\1.1.6.RELEASE\unbescape-1.1.6.RELEASE.jar;D:\apache-maven-3.6.2\warehouse\org\thymeleaf\extras\thymeleaf-extras-java8time\3.0.4.RELEASE\thymeleaf-extras-java8time-3.0.4.RELEASE.jar;D:\apache-maven-3.6.2\warehouse\org\apache\poi\poi\3.17\poi-3.17.jar;D:\apache-maven-3.6.2\warehouse\commons-codec\commons-codec\1.13\commons-codec-1.13.jar;D:\apache-maven-3.6.2\warehouse\org\apache\commons\commons-collections4\4.1\commons-collections4-4.1.jar;D:\apache-maven-3.6.2\warehouse\org\apache\poi\poi-ooxml\3.17\poi-ooxml-3.17.jar;D:\apache-maven-3.6.2\warehouse\org\apache\poi\poi-ooxml-schemas\3.17\poi-ooxml-schemas-3.17.jar;D:\apache-maven-3.6.2\warehouse\org\apache\xmlbeans\xmlbeans\2.6.0\xmlbeans-2.6.0.jar;D:\apache-maven-3.6.2\warehouse\stax\stax-api\1.0.1\stax-api-1.0.1.jar;D:\apache-maven-3.6.2\warehouse\com\github\virtuald\curvesapi\1.04\curvesapi-1.04.jar;D:\apache-maven-3.6.2\warehouse\org\apache\httpcomponents\httpclient\4.5.2\httpclient-4.5.2.jar;D:\apache-maven-3.6.2\warehouse\org\apache\httpcomponents\httpcore\4.4.13\httpcore-4.4.13.jar;D:\apache-maven-3.6.2\warehouse\org\apache\httpcomponents\httpmime\4.5.2\httpmime-4.5.2.jar;D:\apache-maven-3.6.2\warehouse\cn\hutool\hutool-all\4.4.0\hutool-all-4.4.0.jar;D:\apache-maven-3.6.2\warehouse\org\testng\testng\6.14.3\testng-6.14.3.jar;D:\apache-maven-3.6.2\warehouse\com\beust\jcommander\1.72\jcommander-1.72.jar;D:\apache-maven-3.6.2\warehouse\org\apache-extras\beanshell\bsh\2.0b6\bsh-2.0b6.jar;"/>
    <property name="java.vm.vendor" value="Oracle Corporation"/>
    <property name="sun.arch.data.model" value="64"/>
    <property name="user.variant" value=""/>
    <property name="java.vendor.url" value="http://java.oracle.com/"/>
    <property name="user.timezone" value="Asia/Shanghai"/>
    <property name="java.vm.specification.version" value="1.8"/>
    <property name="os.name" value="Windows 7"/>
    <property name="user.country" value="CN"/>
    <property name="sun.java.launcher" value="SUN_STANDARD"/>
    <property name="sun.boot.library.path" value="C:\Program Files\Java\jdk1.8.0_181\jre\bin"/>
    <property name="sun.java.command" value="C:\Users\lx\AppData\Local\Temp\surefire547307720187983815\surefirebooter6329529809547426271.jar C:\Users\lx\AppData\Local\Temp\surefire547307720187983815 2020-11-24T15-50-21_154-jvmRun1 surefire7534364753202783910tmp surefire_04337452622645275137tmp"/>
    <property name="surefire.test.class.path" value="D:\my_web_interface\NEW_web_Interface_automation\target\test-classes;D:\my_web_interface\NEW_web_Interface_automation\target\classes;D:\apache-maven-3.6.2\warehouse\org\springframework\boot\spring-boot-starter-web\2.2.6.RELEASE\spring-boot-starter-web-2.2.6.RELEASE.jar;D:\apache-maven-3.6.2\warehouse\org\springframework\boot\spring-boot-starter\2.2.6.RELEASE\spring-boot-starter-2.2.6.RELEASE.jar;D:\apache-maven-3.6.2\warehouse\org\springframework\boot\spring-boot-starter-logging\2.2.6.RELEASE\spring-boot-starter-logging-2.2.6.RELEASE.jar;D:\apache-maven-3.6.2\warehouse\ch\qos\logback\logback-classic\1.2.3\logback-classic-1.2.3.jar;D:\apache-maven-3.6.2\warehouse\ch\qos\logback\logback-core\1.2.3\logback-core-1.2.3.jar;D:\apache-maven-3.6.2\warehouse\org\apache\logging\log4j\log4j-to-slf4j\2.12.1\log4j-to-slf4j-2.12.1.jar;D:\apache-maven-3.6.2\warehouse\org\apache\logging\log4j\log4j-api\2.12.1\log4j-api-2.12.1.jar;D:\apache-maven-3.6.2\warehouse\org\slf4j\jul-to-slf4j\1.7.30\jul-to-slf4j-1.7.30.jar;D:\apache-maven-3.6.2\warehouse\jakarta\annotation\jakarta.annotation-api\1.3.5\jakarta.annotation-api-1.3.5.jar;D:\apache-maven-3.6.2\warehouse\org\yaml\snakeyaml\1.25\snakeyaml-1.25.jar;D:\apache-maven-3.6.2\warehouse\org\springframework\boot\spring-boot-starter-json\2.2.6.RELEASE\spring-boot-starter-json-2.2.6.RELEASE.jar;D:\apache-maven-3.6.2\warehouse\com\fasterxml\jackson\core\jackson-databind\2.10.3\jackson-databind-2.10.3.jar;D:\apache-maven-3.6.2\warehouse\com\fasterxml\jackson\core\jackson-annotations\2.10.3\jackson-annotations-2.10.3.jar;D:\apache-maven-3.6.2\warehouse\com\fasterxml\jackson\core\jackson-core\2.10.3\jackson-core-2.10.3.jar;D:\apache-maven-3.6.2\warehouse\com\fasterxml\jackson\datatype\jackson-datatype-jdk8\2.10.3\jackson-datatype-jdk8-2.10.3.jar;D:\apache-maven-3.6.2\warehouse\com\fasterxml\jackson\datatype\jackson-datatype-jsr310\2.10.3\jackson-datatype-jsr310-2.10.3.jar;D:\apache-maven-3.6.2\warehouse\com\fasterxml\jackson\module\jackson-module-parameter-names\2.10.3\jackson-module-parameter-names-2.10.3.jar;D:\apache-maven-3.6.2\warehouse\org\springframework\boot\spring-boot-starter-tomcat\2.2.6.RELEASE\spring-boot-starter-tomcat-2.2.6.RELEASE.jar;D:\apache-maven-3.6.2\warehouse\org\apache\tomcat\embed\tomcat-embed-core\9.0.33\tomcat-embed-core-9.0.33.jar;D:\apache-maven-3.6.2\warehouse\org\apache\tomcat\embed\tomcat-embed-el\9.0.33\tomcat-embed-el-9.0.33.jar;D:\apache-maven-3.6.2\warehouse\org\apache\tomcat\embed\tomcat-embed-websocket\9.0.33\tomcat-embed-websocket-9.0.33.jar;D:\apache-maven-3.6.2\warehouse\org\springframework\boot\spring-boot-starter-validation\2.2.6.RELEASE\spring-boot-starter-validation-2.2.6.RELEASE.jar;D:\apache-maven-3.6.2\warehouse\jakarta\validation\jakarta.validation-api\2.0.2\jakarta.validation-api-2.0.2.jar;D:\apache-maven-3.6.2\warehouse\org\hibernate\validator\hibernate-validator\6.0.18.Final\hibernate-validator-6.0.18.Final.jar;D:\apache-maven-3.6.2\warehouse\org\jboss\logging\jboss-logging\3.4.1.Final\jboss-logging-3.4.1.Final.jar;D:\apache-maven-3.6.2\warehouse\com\fasterxml\classmate\1.5.1\classmate-1.5.1.jar;D:\apache-maven-3.6.2\warehouse\org\springframework\spring-web\5.2.5.RELEASE\spring-web-5.2.5.RELEASE.jar;D:\apache-maven-3.6.2\warehouse\org\springframework\spring-beans\5.2.5.RELEASE\spring-beans-5.2.5.RELEASE.jar;D:\apache-maven-3.6.2\warehouse\org\springframework\spring-webmvc\5.2.5.RELEASE\spring-webmvc-5.2.5.RELEASE.jar;D:\apache-maven-3.6.2\warehouse\org\springframework\spring-aop\5.2.5.RELEASE\spring-aop-5.2.5.RELEASE.jar;D:\apache-maven-3.6.2\warehouse\org\springframework\spring-context\5.2.5.RELEASE\spring-context-5.2.5.RELEASE.jar;D:\apache-maven-3.6.2\warehouse\org\springframework\spring-expression\5.2.5.RELEASE\spring-expression-5.2.5.RELEASE.jar;D:\apache-maven-3.6.2\warehouse\org\springframework\boot\spring-boot-devtools\2.2.6.RELEASE\spring-boot-devtools-2.2.6.RELEASE.jar;D:\apache-maven-3.6.2\warehouse\org\springframework\boot\spring-boot\2.2.6.RELEASE\spring-boot-2.2.6.RELEASE.jar;D:\apache-maven-3.6.2\warehouse\org\springframework\boot\spring-boot-autoconfigure\2.2.6.RELEASE\spring-boot-autoconfigure-2.2.6.RELEASE.jar;D:\apache-maven-3.6.2\warehouse\mysql\mysql-connector-java\8.0.19\mysql-connector-java-8.0.19.jar;D:\apache-maven-3.6.2\warehouse\org\projectlombok\lombok\1.18.4\lombok-1.18.4.jar;D:\apache-maven-3.6.2\warehouse\org\springframework\boot\spring-boot-starter-test\2.2.6.RELEASE\spring-boot-starter-test-2.2.6.RELEASE.jar;D:\apache-maven-3.6.2\warehouse\org\springframework\boot\spring-boot-test\2.2.6.RELEASE\spring-boot-test-2.2.6.RELEASE.jar;D:\apache-maven-3.6.2\warehouse\org\springframework\boot\spring-boot-test-autoconfigure\2.2.6.RELEASE\spring-boot-test-autoconfigure-2.2.6.RELEASE.jar;D:\apache-maven-3.6.2\warehouse\com\jayway\jsonpath\json-path\2.4.0\json-path-2.4.0.jar;D:\apache-maven-3.6.2\warehouse\net\minidev\json-smart\2.3\json-smart-2.3.jar;D:\apache-maven-3.6.2\warehouse\net\minidev\accessors-smart\1.2\accessors-smart-1.2.jar;D:\apache-maven-3.6.2\warehouse\org\ow2\asm\asm\5.0.4\asm-5.0.4.jar;D:\apache-maven-3.6.2\warehouse\org\slf4j\slf4j-api\1.7.30\slf4j-api-1.7.30.jar;D:\apache-maven-3.6.2\warehouse\jakarta\xml\bind\jakarta.xml.bind-api\2.3.3\jakarta.xml.bind-api-2.3.3.jar;D:\apache-maven-3.6.2\warehouse\jakarta\activation\jakarta.activation-api\1.2.2\jakarta.activation-api-1.2.2.jar;D:\apache-maven-3.6.2\warehouse\org\junit\jupiter\junit-jupiter\5.5.2\junit-jupiter-5.5.2.jar;D:\apache-maven-3.6.2\warehouse\org\junit\jupiter\junit-jupiter-api\5.5.2\junit-jupiter-api-5.5.2.jar;D:\apache-maven-3.6.2\warehouse\org\apiguardian\apiguardian-api\1.1.0\apiguardian-api-1.1.0.jar;D:\apache-maven-3.6.2\warehouse\org\opentest4j\opentest4j\1.2.0\opentest4j-1.2.0.jar;D:\apache-maven-3.6.2\warehouse\org\junit\platform\junit-platform-commons\1.5.2\junit-platform-commons-1.5.2.jar;D:\apache-maven-3.6.2\warehouse\org\junit\jupiter\junit-jupiter-params\5.5.2\junit-jupiter-params-5.5.2.jar;D:\apache-maven-3.6.2\warehouse\org\junit\jupiter\junit-jupiter-engine\5.5.2\junit-jupiter-engine-5.5.2.jar;D:\apache-maven-3.6.2\warehouse\org\junit\platform\junit-platform-engine\1.5.2\junit-platform-engine-1.5.2.jar;D:\apache-maven-3.6.2\warehouse\org\mockito\mockito-junit-jupiter\3.1.0\mockito-junit-jupiter-3.1.0.jar;D:\apache-maven-3.6.2\warehouse\org\assertj\assertj-core\3.13.2\assertj-core-3.13.2.jar;D:\apache-maven-3.6.2\warehouse\org\hamcrest\hamcrest\2.1\hamcrest-2.1.jar;D:\apache-maven-3.6.2\warehouse\org\mockito\mockito-core\3.1.0\mockito-core-3.1.0.jar;D:\apache-maven-3.6.2\warehouse\net\bytebuddy\byte-buddy\1.10.8\byte-buddy-1.10.8.jar;D:\apache-maven-3.6.2\warehouse\net\bytebuddy\byte-buddy-agent\1.10.8\byte-buddy-agent-1.10.8.jar;D:\apache-maven-3.6.2\warehouse\org\objenesis\objenesis\2.6\objenesis-2.6.jar;D:\apache-maven-3.6.2\warehouse\org\skyscreamer\jsonassert\1.5.0\jsonassert-1.5.0.jar;D:\apache-maven-3.6.2\warehouse\com\vaadin\external\google\android-json\0.0.20131108.vaadin1\android-json-0.0.20131108.vaadin1.jar;D:\apache-maven-3.6.2\warehouse\org\springframework\spring-core\5.2.5.RELEASE\spring-core-5.2.5.RELEASE.jar;D:\apache-maven-3.6.2\warehouse\org\springframework\spring-jcl\5.2.5.RELEASE\spring-jcl-5.2.5.RELEASE.jar;D:\apache-maven-3.6.2\warehouse\org\springframework\spring-test\5.2.5.RELEASE\spring-test-5.2.5.RELEASE.jar;D:\apache-maven-3.6.2\warehouse\org\xmlunit\xmlunit-core\2.6.4\xmlunit-core-2.6.4.jar;D:\apache-maven-3.6.2\warehouse\com\baomidou\mybatis-plus-boot-starter\3.2.0\mybatis-plus-boot-starter-3.2.0.jar;D:\apache-maven-3.6.2\warehouse\com\baomidou\mybatis-plus\3.2.0\mybatis-plus-3.2.0.jar;D:\apache-maven-3.6.2\warehouse\org\springframework\boot\spring-boot-starter-jdbc\2.2.6.RELEASE\spring-boot-starter-jdbc-2.2.6.RELEASE.jar;D:\apache-maven-3.6.2\warehouse\com\zaxxer\HikariCP\3.4.2\HikariCP-3.4.2.jar;D:\apache-maven-3.6.2\warehouse\org\springframework\spring-jdbc\5.2.5.RELEASE\spring-jdbc-5.2.5.RELEASE.jar;D:\apache-maven-3.6.2\warehouse\org\springframework\spring-tx\5.2.5.RELEASE\spring-tx-5.2.5.RELEASE.jar;D:\apache-maven-3.6.2\warehouse\org\springframework\boot\spring-boot-starter-freemarker\2.2.6.RELEASE\spring-boot-starter-freemarker-2.2.6.RELEASE.jar;D:\apache-maven-3.6.2\warehouse\org\freemarker\freemarker\2.3.30\freemarker-2.3.30.jar;D:\apache-maven-3.6.2\warehouse\org\springframework\spring-context-support\5.2.5.RELEASE\spring-context-support-5.2.5.RELEASE.jar;D:\apache-maven-3.6.2\warehouse\com\baomidou\mybatis-plus-generator\3.2.0\mybatis-plus-generator-3.2.0.jar;D:\apache-maven-3.6.2\warehouse\com\baomidou\mybatis-plus-extension\3.2.0\mybatis-plus-extension-3.2.0.jar;D:\apache-maven-3.6.2\warehouse\com\baomidou\mybatis-plus-core\3.2.0\mybatis-plus-core-3.2.0.jar;D:\apache-maven-3.6.2\warehouse\com\baomidou\mybatis-plus-annotation\3.2.0\mybatis-plus-annotation-3.2.0.jar;D:\apache-maven-3.6.2\warehouse\com\github\jsqlparser\jsqlparser\2.1\jsqlparser-2.1.jar;D:\apache-maven-3.6.2\warehouse\org\mybatis\mybatis\3.5.2\mybatis-3.5.2.jar;D:\apache-maven-3.6.2\warehouse\org\mybatis\mybatis-spring\2.0.2\mybatis-spring-2.0.2.jar;D:\apache-maven-3.6.2\warehouse\net\sf\json-lib\json-lib\0.9\json-lib-0.9.jar;D:\apache-maven-3.6.2\warehouse\commons-beanutils\commons-beanutils\1.7.0\commons-beanutils-1.7.0.jar;D:\apache-maven-3.6.2\warehouse\commons-lang\commons-lang\2.2\commons-lang-2.2.jar;D:\apache-maven-3.6.2\warehouse\commons-logging\commons-logging\1.1\commons-logging-1.1.jar;D:\apache-maven-3.6.2\warehouse\log4j\log4j\1.2.12\log4j-1.2.12.jar;D:\apache-maven-3.6.2\warehouse\logkit\logkit\1.0.1\logkit-1.0.1.jar;D:\apache-maven-3.6.2\warehouse\avalon-framework\avalon-framework\4.1.3\avalon-framework-4.1.3.jar;D:\apache-maven-3.6.2\warehouse\javax\servlet\servlet-api\2.3\servlet-api-2.3.jar;D:\apache-maven-3.6.2\warehouse\xom\xom\1.1\xom-1.1.jar;D:\apache-maven-3.6.2\warehouse\xerces\xmlParserAPIs\2.6.2\xmlParserAPIs-2.6.2.jar;D:\apache-maven-3.6.2\warehouse\xerces\xercesImpl\2.6.2\xercesImpl-2.6.2.jar;D:\apache-maven-3.6.2\warehouse\xalan\xalan\2.7.0\xalan-2.7.0.jar;D:\apache-maven-3.6.2\warehouse\xml-apis\xml-apis\1.0.b2\xml-apis-1.0.b2.jar;D:\apache-maven-3.6.2\warehouse\jaxen\jaxen\1.2.0\jaxen-1.2.0.jar;D:\apache-maven-3.6.2\warehouse\net\sf\ezmorph\ezmorph\0.8.1\ezmorph-0.8.1.jar;D:\apache-maven-3.6.2\warehouse\junit\junit\4.12\junit-4.12.jar;D:\apache-maven-3.6.2\warehouse\org\hamcrest\hamcrest-core\2.1\hamcrest-core-2.1.jar;D:\apache-maven-3.6.2\warehouse\org\springframework\boot\spring-boot-starter-thymeleaf\2.2.6.RELEASE\spring-boot-starter-thymeleaf-2.2.6.RELEASE.jar;D:\apache-maven-3.6.2\warehouse\org\thymeleaf\thymeleaf-spring5\3.0.11.RELEASE\thymeleaf-spring5-3.0.11.RELEASE.jar;D:\apache-maven-3.6.2\warehouse\org\thymeleaf\thymeleaf\3.0.11.RELEASE\thymeleaf-3.0.11.RELEASE.jar;D:\apache-maven-3.6.2\warehouse\org\attoparser\attoparser\2.0.5.RELEASE\attoparser-2.0.5.RELEASE.jar;D:\apache-maven-3.6.2\warehouse\org\unbescape\unbescape\1.1.6.RELEASE\unbescape-1.1.6.RELEASE.jar;D:\apache-maven-3.6.2\warehouse\org\thymeleaf\extras\thymeleaf-extras-java8time\3.0.4.RELEASE\thymeleaf-extras-java8time-3.0.4.RELEASE.jar;D:\apache-maven-3.6.2\warehouse\org\apache\poi\poi\3.17\poi-3.17.jar;D:\apache-maven-3.6.2\warehouse\commons-codec\commons-codec\1.13\commons-codec-1.13.jar;D:\apache-maven-3.6.2\warehouse\org\apache\commons\commons-collections4\4.1\commons-collections4-4.1.jar;D:\apache-maven-3.6.2\warehouse\org\apache\poi\poi-ooxml\3.17\poi-ooxml-3.17.jar;D:\apache-maven-3.6.2\warehouse\org\apache\poi\poi-ooxml-schemas\3.17\poi-ooxml-schemas-3.17.jar;D:\apache-maven-3.6.2\warehouse\org\apache\xmlbeans\xmlbeans\2.6.0\xmlbeans-2.6.0.jar;D:\apache-maven-3.6.2\warehouse\stax\stax-api\1.0.1\stax-api-1.0.1.jar;D:\apache-maven-3.6.2\warehouse\com\github\virtuald\curvesapi\1.04\curvesapi-1.04.jar;D:\apache-maven-3.6.2\warehouse\org\apache\httpcomponents\httpclient\4.5.2\httpclient-4.5.2.jar;D:\apache-maven-3.6.2\warehouse\org\apache\httpcomponents\httpcore\4.4.13\httpcore-4.4.13.jar;D:\apache-maven-3.6.2\warehouse\org\apache\httpcomponents\httpmime\4.5.2\httpmime-4.5.2.jar;D:\apache-maven-3.6.2\warehouse\cn\hutool\hutool-all\4.4.0\hutool-all-4.4.0.jar;D:\apache-maven-3.6.2\warehouse\org\testng\testng\6.14.3\testng-6.14.3.jar;D:\apache-maven-3.6.2\warehouse\com\beust\jcommander\1.72\jcommander-1.72.jar;D:\apache-maven-3.6.2\warehouse\org\apache-extras\beanshell\bsh\2.0b6\bsh-2.0b6.jar;"/>
    <property name="sun.cpu.endian" value="little"/>
    <property name="user.home" value="C:\Users\lx"/>
    <property name="user.language" value="zh"/>
    <property name="java.specification.vendor" value="Oracle Corporation"/>
    <property name="java.home" value="C:\Program Files\Java\jdk1.8.0_181\jre"/>
    <property name="basedir" value="D:\my_web_interface\NEW_web_Interface_automation"/>
    <property name="file.separator" value="\"/>
    <property name="line.separator" value="&#10;"/>
    <property name="java.vm.specification.vendor" value="Oracle Corporation"/>
    <property name="java.specification.name" value="Java Platform API Specification"/>
    <property name="java.awt.graphicsenv" value="sun.awt.Win32GraphicsEnvironment"/>
    <property name="surefire.real.class.path" value="C:\Users\lx\AppData\Local\Temp\surefire547307720187983815\surefirebooter6329529809547426271.jar"/>
    <property name="sun.boot.class.path" value="C:\Program Files\Java\jdk1.8.0_181\jre\lib\resources.jar;C:\Program Files\Java\jdk1.8.0_181\jre\lib\rt.jar;C:\Program Files\Java\jdk1.8.0_181\jre\lib\sunrsasign.jar;C:\Program Files\Java\jdk1.8.0_181\jre\lib\jsse.jar;C:\Program Files\Java\jdk1.8.0_181\jre\lib\jce.jar;C:\Program Files\Java\jdk1.8.0_181\jre\lib\charsets.jar;C:\Program Files\Java\jdk1.8.0_181\jre\lib\jfr.jar;C:\Program Files\Java\jdk1.8.0_181\jre\classes"/>
    <property name="user.script" value=""/>
    <property name="sun.management.compiler" value="HotSpot 64-Bit Tiered Compilers"/>
    <property name="java.runtime.version" value="1.8.0_181-b13"/>
    <property name="user.name" value="lx"/>
    <property name="path.separator" value=";"/>
    <property name="os.version" value="6.1"/>
    <property name="java.endorsed.dirs" value="C:\Program Files\Java\jdk1.8.0_181\jre\lib\endorsed"/>
    <property name="java.runtime.name" value="Java(TM) SE Runtime Environment"/>
    <property name="file.encoding" value="GBK"/>
    <property name="java.vm.name" value="Java HotSpot(TM) 64-Bit Server VM"/>
    <property name="localRepository" value="D:\apache-maven-3.6.2\warehouse"/>
    <property name="java.vendor.url.bug" value="http://bugreport.sun.com/bugreport/"/>
    <property name="java.io.tmpdir" value="C:\Users\lx\AppData\Local\Temp\"/>
    <property name="idea.version" value="2020.2.3"/>
    <property name="java.version" value="1.8.0_181"/>
    <property name="user.dir" value="D:\my_web_interface\NEW_web_Interface_automation"/>
    <property name="os.arch" value="amd64"/>
    <property name="java.vm.specification.name" value="Java Virtual Machine Specification"/>
    <property name="java.awt.printerjob" value="sun.awt.windows.WPrinterJob"/>
    <property name="sun.os.patch.level" value="Service Pack 1"/>
    <property name="java.library.path" value="C:\Program Files\Java\jdk1.8.0_181\jre\bin;C:\Windows\Sun\Java\bin;C:\Windows\system32;C:\Windows;C:\Program Files (x86)\Common Files\Oracle\Java\javapath;C:\Windows\system32;C:\Windows;C:\Windows\System32\Wbem;C:\Windows\System32\WindowsPowerShell\v1.0\;C:\Program Files (x86)\Intel\OpenCL SDK\3.0\bin\x86;C:\Program Files (x86)\Intel\OpenCL SDK\3.0\bin\x64;C:\Program Files\TortoiseSVN\bin;C:\Program Files\Java\jdk1.8.0_181\bin;D:\apache-maven-3.6.2\bin;D:\UltraEdit;C:\Program Files\MySQL\MySQL Server 5.5\bin;D:\SDK\android-sdk-windows\build-tools\25.0.3;D:\SDK\android-sdk-windows\platform-tools;D:\SDK\android-sdk-windows\tools;C:\Program Files\nodejs\;C:\Users\lx\AppData\Local\Programs\Python\Python38\Scripts\;C:\Users\lx\AppData\Local\Programs\Python\Python38\;C:\Users\lx\AppData\Local\Programs\Python\Launcher\;C:\Users\lx\AppData\Roaming\npm;."/>
    <property name="java.vm.info" value="mixed mode"/>
    <property name="java.vendor" value="Oracle Corporation"/>
    <property name="java.vm.version" value="25.181-b13"/>
    <property name="java.ext.dirs" value="C:\Program Files\Java\jdk1.8.0_181\jre\lib\ext;C:\Windows\Sun\Java\lib\ext"/>
    <property name="sun.io.unicode.encoding" value="UnicodeLittle"/>
    <property name="java.class.version" value="52.0"/>
  </properties>
</testsuite>