<?xml version="1.0" encoding="UTF-8"?>
<!-- Generated by org.testng.reporters.JUnitReportReporter -->
<testsuite skipped="0" hostname="lx-PC" name="com.markerhub.service.impl.testservice" tests="3" failures="0" timestamp="17 十一月 2020 02:15:37 GMT" time="0.009" errors="0">
  <testcase name="testDataProvider" time="0.009" classname="com.markerhub.service.impl.testservice"/>
  <testcase name="testDataProvider" time="0.000" classname="com.markerhub.service.impl.testservice"/>
  <testcase name="testDataProvider" time="0.000" classname="com.markerhub.service.impl.testservice"/>
</testsuite> <!-- com.markerhub.service.impl.testservice -->
