<?xml version="1.0" encoding="UTF-8"?>
<!-- Generated by org.testng.reporters.JUnitReportReporter -->
<testsuite skipped="0" hostname="lx-PC" name="com.markerhub.service.impl.testservice" tests="3" failures="0" timestamp="18 十一月 2020 01:33:20 GMT" time="0.012" errors="0">
  <testcase name="testDataProvider" time="0.000" classname="com.markerhub.service.impl.testservice"/>
  <testcase name="testDataProvider" time="0.000" classname="com.markerhub.service.impl.testservice"/>
  <testcase name="testDataProvider" time="0.012" classname="com.markerhub.service.impl.testservice"/>
</testsuite> <!-- com.markerhub.service.impl.testservice -->
