<?xml version="1.0" encoding="UTF-8"?>
<!-- Generated by org.testng.reporters.JUnitReportReporter -->
<testsuite skipped="0" hostname="lx-PC" name="com.markerhub.caseTestNG.testservice" tests="3" failures="0" timestamp="21 Dec 2020 08:25:53 GMT" time="0.064" errors="0">
  <testcase name="testDataProvider" time="0.026" classname="com.markerhub.caseTestNG.testservice"/>
  <testcase name="testDataProvider" time="0.021" classname="com.markerhub.caseTestNG.testservice"/>
  <testcase name="testDataProvider" time="0.017" classname="com.markerhub.caseTestNG.testservice"/>
</testsuite> <!-- com.markerhub.caseTestNG.testservice -->
