<?xml version="1.0" encoding="UTF-8"?>
<!-- Generated by org.testng.reporters.JUnitReportReporter -->
<testsuite skipped="0" hostname="lx-PC" name="com.markerhub.caseTestNG.testservice" tests="2" failures="0" timestamp="30 十一月 2020 07:14:08 GMT" time="0.005" errors="0">
  <testcase name="testDataProvider" time="0.000" classname="com.markerhub.caseTestNG.testservice"/>
  <testcase name="testDataProvider" time="0.005" classname="com.markerhub.caseTestNG.testservice"/>
</testsuite> <!-- com.markerhub.caseTestNG.testservice -->
