<?xml version="1.0" encoding="UTF-8"?>
<!-- Generated by org.testng.reporters.JUnitReportReporter -->
<testsuite skipped="0" hostname="lx-PC" name="com.markerhub.caseTestNG.testservice" tests="1" failures="0" timestamp="14 十二月 2020 07:07:26 GMT" time="0.738" errors="0">
  <testcase name="testDataProvider" time="0.738" classname="com.markerhub.caseTestNG.testservice"/>
</testsuite> <!-- com.markerhub.caseTestNG.testservice -->
