<?xml version="1.0" encoding="UTF-8"?>
<!-- Generated by org.testng.reporters.JUnitReportReporter -->
<testsuite skipped="0" hostname="ZY-PC" name="com.markerhub.caseTestNG.testservice" tests="7" failures="0" timestamp="03 Jan 2021 10:10:20 GMT" time="1.323" errors="0">
  <testcase name="testDataProvider" time="0.162" classname="com.markerhub.caseTestNG.testservice"/>
  <testcase name="testDataProvider" time="0.316" classname="com.markerhub.caseTestNG.testservice"/>
  <testcase name="testDataProvider" time="0.373" classname="com.markerhub.caseTestNG.testservice"/>
  <testcase name="testDataProvider" time="0.034" classname="com.markerhub.caseTestNG.testservice"/>
  <testcase name="testDataProvider" time="0.042" classname="com.markerhub.caseTestNG.testservice"/>
  <testcase name="testDataProvider" time="0.200" classname="com.markerhub.caseTestNG.testservice"/>
  <testcase name="testDataProvider" time="0.196" classname="com.markerhub.caseTestNG.testservice"/>
</testsuite> <!-- com.markerhub.caseTestNG.testservice -->
