<?xml version="1.0" encoding="UTF-8"?>
<!-- Generated by org.testng.reporters.JUnitReportReporter -->
<testsuite skipped="0" hostname="lx-PC" name="com.markerhub.caseTestNG.testservice" tests="1" failures="0" timestamp="03 十二月 2020 07:41:44 GMT" time="0.018" errors="0">
  <testcase name="testDataProvider" time="0.018" classname="com.markerhub.caseTestNG.testservice"/>
</testsuite> <!-- com.markerhub.caseTestNG.testservice -->
