<?xml version="1.0" encoding="UTF-8"?>
<!-- Generated by org.testng.reporters.JUnitReportReporter -->
<testsuite skipped="0" hostname="lx-PC" name="com.markerhub.service.impl.testservice" tests="3" failures="0" timestamp="19 十一月 2020 06:14:45 GMT" time="0.015" errors="0">
  <testcase name="testDataProvider" time="0.001" classname="com.markerhub.service.impl.testservice"/>
  <testcase name="testDataProvider" time="0.014" classname="com.markerhub.service.impl.testservice"/>
  <testcase name="testDataProvider" time="0.000" classname="com.markerhub.service.impl.testservice"/>
</testsuite> <!-- com.markerhub.service.impl.testservice -->
