<?xml version="1.0" encoding="UTF-8"?>
<!-- Generated by org.testng.reporters.JUnitReportReporter -->
<testsuite skipped="0" hostname="lx-PC" name="com.markerhub.caseTestNG.test" tests="3" failures="0" timestamp="09 Dec 2020 06:29:50 GMT" time="0.003" errors="0">
  <testcase name="login" time="0.003" classname="com.markerhub.caseTestNG.test"/>
  <testcase name="login" time="0.000" classname="com.markerhub.caseTestNG.test"/>
  <testcase name="login" time="0.000" classname="com.markerhub.caseTestNG.test"/>
</testsuite> <!-- com.markerhub.caseTestNG.test -->
