<?xml version="1.0" encoding="UTF-8"?>
<!-- Generated by org.testng.reporters.JUnitReportReporter -->
<testsuite skipped="0" hostname="lx-PC" name="com.markerhub.caseTestNG.testservice" tests="7" failures="0" timestamp="05 Jan 2021 03:23:14 GMT" time="2.693" errors="0">
  <testcase name="testDataProvider" time="0.622" classname="com.markerhub.caseTestNG.testservice"/>
  <testcase name="testDataProvider" time="0.529" classname="com.markerhub.caseTestNG.testservice"/>
  <testcase name="testDataProvider" time="0.019" classname="com.markerhub.caseTestNG.testservice"/>
  <testcase name="testDataProvider" time="0.013" classname="com.markerhub.caseTestNG.testservice"/>
  <testcase name="testDataProvider" time="0.370" classname="com.markerhub.caseTestNG.testservice"/>
  <testcase name="testDataProvider" time="0.022" classname="com.markerhub.caseTestNG.testservice"/>
  <testcase name="testDataProvider" time="1.118" classname="com.markerhub.caseTestNG.testservice"/>
</testsuite> <!-- com.markerhub.caseTestNG.testservice -->
