<?xml version="1.0" encoding="UTF-8"?>
<!-- Generated by org.testng.reporters.JUnitReportReporter -->
<testsuite skipped="0" hostname="ZY-PC" name="com.markerhub.caseTestNG.testservice" tests="1" failures="0" timestamp="02 Jan 2021 10:01:07 GMT" time="0.540" errors="0">
  <testcase name="testDataProvider" time="0.540" classname="com.markerhub.caseTestNG.testservice"/>
</testsuite> <!-- com.markerhub.caseTestNG.testservice -->
